<?xml version="1.0" encoding="UTF-8"?>
<!-- Generated by org.testng.reporters.JUnitXMLReporter -->
<testsuite hostname="JIAFU-WS02" name="Test" tests="4" failures="0" timestamp="28 Aug 2013 03:47:25 GMT" time="0.013" errors="0">
  <testcase name="f1" time="0.0040" classname="org.cisco.common.toolkit.org.cisco.common.toolkit.rpool.TestTwo"/>
  <testcase name="f2" time="0.0010" classname="org.cisco.common.toolkit.org.cisco.common.toolkit.rpool.TestTwo"/>
  <testcase name="f1" time="0.0" classname="org.cisco.common.toolkit.org.cisco.common.toolkit.rpool.TestOne"/>
  <testcase name="f2" time="0.0" classname="org.cisco.common.toolkit.org.cisco.common.toolkit.rpool.TestOne"/>
</testsuite> <!-- Test -->
