<?xml version="1.0" encoding="UTF-8"?>
<!-- Generated by org.testng.reporters.JUnitXMLReporter -->
<testsuite hostname="JIAFU-WS02" name="Default test" tests="2" failures="0" timestamp="28 Aug 2013 03:08:49 GMT" time="0.022" errors="0">
  <testcase name="f" time="0.0040" classname="org.cisco.common.toolkit.org.cisco.common.toolkit.rpool.NewTest"/>
  <testcase name="f2" time="0.0" classname="org.cisco.common.toolkit.org.cisco.common.toolkit.rpool.NewTest"/>
</testsuite> <!-- Default test -->
